<?xml version="1.0" encoding="UTF-8"?>
<testsuite name="domain.AssignmentTest" tests="1" skipped="0" failures="0" errors="0" timestamp="2019-11-08T12:14:17" hostname="DESKTOP-JGO467Q" time="0.156">
  <properties/>
  <testcase name="testGetters()" classname="domain.AssignmentTest" time="0.156"/>
  <system-out><![CDATA[Mon Apr 20 14:14:17 EEST 2020
]]></system-out>
  <system-err><![CDATA[]]></system-err>
</testsuite>
