<?xml version="1.0" encoding="UTF-8"?>
<testsuite name="services.GradesServiceTest" tests="4" skipped="0" failures="0" errors="0" timestamp="2019-11-13T06:34:35" hostname="DESKTOP-JGO467Q" time="1.127">
  <properties/>
  <testcase name="filterByAssignmentAndWeekNoStudents()" classname="services.GradesServiceTest" time="0.522"/>
  <testcase name="filterByAssignmentAndProfNoStudents()" classname="services.GradesServiceTest" time="0.427"/>
  <testcase name="filterByAssignmentWithStudents()" classname="services.GradesServiceTest" time="0.095"/>
  <testcase name="filterByAssignmentNoStudents()" classname="services.GradesServiceTest" time="0.066"/>
  <system-out><![CDATA[Mon Apr 20 08:34:35 EEST 2020
]]></system-out>
  <system-err><![CDATA[]]></system-err>
</testsuite>
