<?xml version="1.0" encoding="UTF-8"?>
<testsuite name="services.GradesServiceTest" tests="3" skipped="0" failures="0" errors="0" timestamp="2019-11-12T20:29:33" hostname="DESKTOP-JGO467Q" time="0.578">
  <properties/>
  <testcase name="filterByAssignment()" classname="services.GradesServiceTest" time="0.444"/>
  <testcase name="filterByAssignmentAndProf()" classname="services.GradesServiceTest" time="0.074"/>
  <testcase name="filterByAssignmentAndWeek()" classname="services.GradesServiceTest" time="0.053"/>
  <system-out><![CDATA[Mon Apr 20 22:29:33 EEST 2020
]]></system-out>
  <system-err><![CDATA[]]></system-err>
</testsuite>
